2025-06-09 20:41:46 INFO  LoggerHandler - Hovered on watches
2025-06-09 20:41:46 INFO  LoggerHandler - Clicked on Boys Watches
2025-06-09 20:41:49 INFO  LoggerHandler - Scrolled by 500 pixels
2025-06-09 20:41:49 INFO  LoggerHandler - Clicked on price
2025-06-09 20:41:50 INFO  LoggerHandler - Clicked on minimum price
2025-06-09 20:41:50 INFO  LoggerHandler - Entered Minimum price
2025-06-09 20:41:58 INFO  LoggerHandler - Clicked on search icon
2025-06-09 20:42:01 INFO  LoggerHandler - Entered Party
2025-06-09 20:42:02 INFO  LoggerHandler - Verified title
2025-06-09 20:45:39 INFO  LoggerHandler - Hovered on watches
2025-06-09 20:45:49 ERROR LoggerHandler - Clicked on Boys watches failed
2025-06-09 20:45:52 INFO  LoggerHandler - Scrolled by 500 pixels
2025-06-09 20:46:09 INFO  LoggerHandler - Clicked on search icon
2025-06-09 20:46:13 INFO  LoggerHandler - Entered Party
2025-06-09 20:46:13 INFO  LoggerHandler - Verified title
2025-06-09 20:47:03 INFO  LoggerHandler - Hovered on watches
2025-06-09 20:47:13 ERROR LoggerHandler - Clicked on Boys watches failed
2025-06-09 20:47:16 INFO  LoggerHandler - Scrolled by 500 pixels
2025-06-09 20:47:36 INFO  LoggerHandler - Clicked on search icon
2025-06-09 20:47:39 INFO  LoggerHandler - Entered Party
2025-06-09 20:47:39 INFO  LoggerHandler - Verified title
2025-06-09 20:48:14 INFO  LoggerHandler - Hovered on watches
2025-06-09 20:48:15 INFO  LoggerHandler - Clicked on Boys Watches
2025-06-09 20:48:18 INFO  LoggerHandler - Scrolled by 500 pixels
2025-06-09 20:48:18 INFO  LoggerHandler - Clicked on price
2025-06-09 20:48:18 INFO  LoggerHandler - Clicked on minimum price
2025-06-09 20:48:18 INFO  LoggerHandler - Entered Minimum price
2025-06-09 20:49:14 INFO  LoggerHandler - Hovered on watches
2025-06-09 20:49:15 INFO  LoggerHandler - Clicked on Boys Watches
2025-06-09 20:49:18 INFO  LoggerHandler - Scrolled by 500 pixels
2025-06-09 20:49:18 INFO  LoggerHandler - Clicked on price
2025-06-09 20:49:18 INFO  LoggerHandler - Clicked on minimum price
2025-06-09 20:49:19 INFO  LoggerHandler - Entered Minimum price
2025-06-09 20:49:20 INFO  LoggerHandler - Clicked on Maximum price
2025-06-09 20:49:20 INFO  LoggerHandler - Entered Maximum price
2025-06-09 20:49:20 INFO  LoggerHandler - Clicked on enter
2025-06-09 20:49:30 INFO  LoggerHandler - Clicked on search icon
2025-06-09 20:49:34 INFO  LoggerHandler - Entered Party
2025-06-09 20:49:34 INFO  LoggerHandler - Verified title
2025-06-09 20:49:52 INFO  LoggerHandler - Hovered on watches
2025-06-09 20:49:52 INFO  LoggerHandler - Clicked on Boys Watches
2025-06-09 20:49:55 INFO  LoggerHandler - Scrolled by 500 pixels
2025-06-09 20:49:56 INFO  LoggerHandler - Clicked on price
2025-06-09 20:49:56 INFO  LoggerHandler - Clicked on minimum price
2025-06-09 20:49:56 INFO  LoggerHandler - Entered Minimum price
2025-06-09 20:49:58 INFO  LoggerHandler - Clicked on Maximum price
2025-06-09 20:49:58 INFO  LoggerHandler - Entered Maximum price
2025-06-09 20:49:58 INFO  LoggerHandler - Clicked on enter
2025-06-09 20:50:08 INFO  LoggerHandler - Clicked on search icon
2025-06-09 20:50:08 INFO  LoggerHandler - Entered Party
2025-06-09 20:50:28 INFO  LoggerHandler - Hovered on watches
2025-06-09 20:50:28 INFO  LoggerHandler - Clicked on Boys Watches
2025-06-09 20:50:32 INFO  LoggerHandler - Scrolled by 500 pixels
2025-06-09 20:50:32 INFO  LoggerHandler - Clicked on price
2025-06-09 20:50:32 INFO  LoggerHandler - Clicked on minimum price
2025-06-09 20:50:32 INFO  LoggerHandler - Entered Minimum price
2025-06-09 20:50:33 INFO  LoggerHandler - Clicked on Maximum price
2025-06-09 20:50:33 INFO  LoggerHandler - Entered Maximum price
2025-06-09 20:50:34 INFO  LoggerHandler - Clicked on enter
2025-06-09 20:50:39 INFO  LoggerHandler - Clicked on Buy now
2025-06-09 20:50:48 INFO  LoggerHandler - Clicked on search icon
2025-06-09 20:50:52 INFO  LoggerHandler - Entered Party
2025-06-09 20:50:52 INFO  LoggerHandler - Verified title
2025-06-10 18:29:12 INFO  LoggerHandler - Clicked on Sales
2025-06-10 18:29:15 INFO  LoggerHandler - Clicked on Display Type
2025-06-10 18:29:16 INFO  LoggerHandler - Clicked on Amoled Check Box
2025-06-10 18:29:30 INFO  LoggerHandler - Clicked on search icon
2025-06-10 18:29:39 INFO  LoggerHandler - Entered Party
2025-06-10 18:29:39 INFO  LoggerHandler - Verified title
2025-06-10 18:29:53 INFO  LoggerHandler - Hovered on watches
2025-06-10 18:29:54 INFO  LoggerHandler - Clicked on Boys Watches
2025-06-10 18:29:58 INFO  LoggerHandler - Scrolled by 500 pixels
2025-06-10 18:29:58 INFO  LoggerHandler - Clicked on price
2025-06-10 18:29:59 INFO  LoggerHandler - Clicked on minimum price
2025-06-10 18:30:00 INFO  LoggerHandler - Entered Minimum price
2025-06-10 18:30:00 INFO  LoggerHandler - Clicked on Maximum price
2025-06-10 18:30:01 INFO  LoggerHandler - Entered Maximum price
2025-06-10 18:30:01 INFO  LoggerHandler - Clicked on enter
2025-06-10 18:30:08 INFO  LoggerHandler - Clicked on Buy now
2025-06-10 18:53:30 INFO  LoggerHandler - Clicked on Sales
2025-06-10 18:53:33 INFO  LoggerHandler - Clicked on Display Type
2025-06-10 18:53:34 INFO  LoggerHandler - Clicked on Amoled Check Box
2025-06-10 18:53:35 INFO  LoggerHandler - Clicked on Screen Size
2025-06-10 18:53:40 ERROR LoggerHandler - Checked Screen Size Failed
2025-06-10 18:53:51 INFO  LoggerHandler - Clicked on search icon
2025-06-10 18:53:56 INFO  LoggerHandler - Entered Party
2025-06-10 18:53:56 INFO  LoggerHandler - Verified title
2025-06-10 18:54:06 INFO  LoggerHandler - Hovered on watches
2025-06-10 18:54:06 INFO  LoggerHandler - Clicked on Boys Watches
2025-06-10 18:54:11 INFO  LoggerHandler - Scrolled by 500 pixels
2025-06-10 18:54:12 INFO  LoggerHandler - Clicked on price
2025-06-10 18:54:13 INFO  LoggerHandler - Clicked on minimum price
2025-06-10 18:54:13 INFO  LoggerHandler - Entered Minimum price
2025-06-10 18:54:15 INFO  LoggerHandler - Clicked on Maximum price
2025-06-10 18:54:15 INFO  LoggerHandler - Entered Maximum price
2025-06-10 18:54:16 INFO  LoggerHandler - Clicked on enter
2025-06-10 18:54:24 INFO  LoggerHandler - Clicked on Buy now
2025-06-10 23:35:03 INFO  LoggerHandler - Clicked on Sales
2025-06-10 23:35:07 INFO  LoggerHandler - Clicked on Display Type
2025-06-10 23:35:08 INFO  LoggerHandler - Clicked on Amoled Check Box
2025-06-10 23:35:08 INFO  LoggerHandler - Clicked on Screen Size
2025-06-10 23:35:14 ERROR LoggerHandler - Checked Screen Size Failed
2025-06-10 23:35:19 INFO  LoggerHandler - Clicked on Quick View
2025-06-10 23:35:21 INFO  LoggerHandler - Clicked on Add to Bag
2025-06-10 23:35:24 INFO  LoggerHandler - Clicked on Go to Bag
2025-06-10 23:35:34 ERROR LoggerHandler - Savings and Discount did not match
2025-06-10 23:35:44 INFO  LoggerHandler - Clicked on search icon
2025-06-10 23:35:52 INFO  LoggerHandler - Entered Party
2025-06-10 23:35:52 INFO  LoggerHandler - Verified title
2025-06-10 23:36:04 INFO  LoggerHandler - Hovered on watches
2025-06-10 23:36:05 INFO  LoggerHandler - Clicked on Boys Watches
2025-06-10 23:36:08 INFO  LoggerHandler - Scrolled by 500 pixels
2025-06-10 23:36:09 INFO  LoggerHandler - Clicked on price
2025-06-10 23:36:09 INFO  LoggerHandler - Clicked on minimum price
2025-06-10 23:36:09 INFO  LoggerHandler - Entered Minimum price
2025-06-10 23:36:10 INFO  LoggerHandler - Clicked on Maximum price
2025-06-10 23:36:11 INFO  LoggerHandler - Entered Maximum price
2025-06-10 23:36:11 INFO  LoggerHandler - Clicked on enter
2025-06-10 23:37:36 INFO  LoggerHandler - Clicked on Sales
2025-06-10 23:37:39 INFO  LoggerHandler - Clicked on Display Type
2025-06-10 23:37:40 INFO  LoggerHandler - Clicked on Amoled Check Box
2025-06-10 23:37:40 INFO  LoggerHandler - Clicked on Screen Size
2025-06-10 23:37:45 ERROR LoggerHandler - Checked Screen Size Failed
2025-06-10 23:37:55 INFO  LoggerHandler - Clicked on Quick View
2025-06-10 23:38:06 ERROR LoggerHandler - Clicked on Add to Bag Failed
2025-06-10 23:38:16 INFO  LoggerHandler - Clicked on Go to Bag
2025-06-10 23:38:26 ERROR LoggerHandler - Savings and Discount did not match
2025-06-10 23:39:36 INFO  LoggerHandler - Clicked on Sales
2025-06-10 23:39:39 INFO  LoggerHandler - Clicked on Display Type
2025-06-10 23:39:39 INFO  LoggerHandler - Clicked on Amoled Check Box
2025-06-10 23:39:40 INFO  LoggerHandler - Clicked on Screen Size
2025-06-10 23:39:50 ERROR LoggerHandler - Checked Screen Size Failed
2025-06-10 23:39:58 INFO  LoggerHandler - Clicked on Quick View
2025-06-10 23:39:59 INFO  LoggerHandler - Clicked on Add to Bag
2025-06-10 23:40:03 INFO  LoggerHandler - Clicked on Go to Bag
2025-06-10 23:40:13 ERROR LoggerHandler - Savings and Discount did not match
2025-06-10 23:40:25 INFO  LoggerHandler - Clicked on search icon
2025-06-10 23:40:25 INFO  LoggerHandler - Entered Party
2025-06-10 23:42:35 INFO  LoggerHandler - Clicked on Sales
2025-06-10 23:42:38 INFO  LoggerHandler - Clicked on Display Type
2025-06-10 23:42:38 INFO  LoggerHandler - Clicked on Amoled Check Box
2025-06-10 23:42:39 INFO  LoggerHandler - Clicked on Screen Size
2025-06-10 23:42:49 ERROR LoggerHandler - Checked Screen Size Failed
2025-06-10 23:42:59 INFO  LoggerHandler - Clicked on Quick View
2025-06-10 23:43:09 ERROR LoggerHandler - Clicked on Add to Bag Failed
2025-06-10 23:43:19 INFO  LoggerHandler - Clicked on Go to Bag
2025-06-10 23:43:29 ERROR LoggerHandler - Savings and Discount did not match
2025-06-10 23:45:10 INFO  LoggerHandler - Clicked on Sales
2025-06-10 23:45:13 INFO  LoggerHandler - Clicked on Display Type
2025-06-10 23:45:13 INFO  LoggerHandler - Clicked on Amoled Check Box
2025-06-10 23:45:14 INFO  LoggerHandler - Clicked on Screen Size
2025-06-10 23:45:24 ERROR LoggerHandler - Checked Screen Size Failed
2025-06-10 23:45:44 INFO  LoggerHandler - Clicked on Sales
2025-06-10 23:45:48 INFO  LoggerHandler - Clicked on Display Type
2025-06-10 23:45:49 INFO  LoggerHandler - Clicked on Amoled Check Box
2025-06-10 23:45:49 INFO  LoggerHandler - Clicked on Screen Size
2025-06-10 23:46:00 ERROR LoggerHandler - Checked Screen Size Failed
2025-06-10 23:46:10 INFO  LoggerHandler - Clicked on Quick View
2025-06-10 23:46:20 ERROR LoggerHandler - Clicked on Add to Bag Failed
2025-06-10 23:50:51 INFO  LoggerHandler - Clicked on Sales
2025-06-10 23:50:55 INFO  LoggerHandler - Clicked on Display Type
2025-06-10 23:50:55 INFO  LoggerHandler - Clicked on Amoled Check Box
2025-06-10 23:50:56 INFO  LoggerHandler - Clicked on Screen Size
2025-06-10 23:51:06 ERROR LoggerHandler - Checked Screen Size Failed
2025-06-10 23:51:16 INFO  LoggerHandler - Clicked on Quick View
2025-06-10 23:51:26 ERROR LoggerHandler - Clicked on Add to Bag Failed
2025-06-10 23:51:36 INFO  LoggerHandler - Clicked on Go to Bag
2025-06-10 23:51:46 ERROR LoggerHandler - Savings and Discount did not match
2025-06-10 23:51:54 INFO  LoggerHandler - Clicked on search icon
2025-06-10 23:51:55 INFO  LoggerHandler - Entered Party
2025-06-11 14:13:19 INFO  LoggerHandler - Clicked on Sales
2025-06-11 14:13:23 INFO  LoggerHandler - Clicked on Display Type
2025-06-11 14:13:23 INFO  LoggerHandler - Clicked on Amoled Check Box
2025-06-11 14:13:24 INFO  LoggerHandler - Clicked on Screen Size
2025-06-11 14:13:34 INFO  LoggerHandler - Checked Screen Size
2025-06-11 14:13:44 INFO  LoggerHandler - Clicked on Quick View
2025-06-11 14:13:54 ERROR LoggerHandler - Clicked on Add to Bag Failed
2025-06-11 14:14:59 INFO  LoggerHandler - Clicked on Sales
2025-06-11 14:15:02 INFO  LoggerHandler - Clicked on Display Type
2025-06-11 14:15:02 INFO  LoggerHandler - Clicked on Amoled Check Box
2025-06-11 14:15:03 INFO  LoggerHandler - Clicked on Screen Size
2025-06-11 14:15:13 INFO  LoggerHandler - Checked Screen Size
2025-06-11 14:15:16 INFO  LoggerHandler - Clicked on Quick View
2025-06-11 14:15:23 ERROR LoggerHandler - Clicked on Add to Bag Failed
2025-06-11 14:15:23 INFO  LoggerHandler - Clicked on Go to Bag
2025-06-11 14:15:23 ERROR LoggerHandler - Savings and Discount did not match
2025-06-11 14:16:10 INFO  LoggerHandler - Clicked on Sales
2025-06-11 14:16:13 INFO  LoggerHandler - Clicked on Display Type
2025-06-11 14:16:13 INFO  LoggerHandler - Clicked on Amoled Check Box
2025-06-11 14:16:14 INFO  LoggerHandler - Clicked on Screen Size
2025-06-11 14:16:24 INFO  LoggerHandler - Checked Screen Size
2025-06-11 14:16:34 INFO  LoggerHandler - Clicked on Quick View
2025-06-11 14:16:44 ERROR LoggerHandler - Clicked on Add to Bag Failed
2025-06-11 14:16:54 INFO  LoggerHandler - Clicked on Go to Bag
2025-06-11 14:17:04 ERROR LoggerHandler - Savings and Discount did not match
2025-06-11 14:23:25 INFO  LoggerHandler - Clicked on Sales
2025-06-11 14:23:28 INFO  LoggerHandler - Clicked on Display Type
2025-06-11 14:23:29 INFO  LoggerHandler - Clicked on Amoled Check Box
2025-06-11 14:23:30 INFO  LoggerHandler - Clicked on Screen Size
2025-06-11 14:23:30 INFO  LoggerHandler - Checked Screen Size
2025-06-11 14:23:30 INFO  LoggerHandler - Clicked on Quick View
2025-06-11 14:23:40 ERROR LoggerHandler - Clicked on Add to Bag Failed
2025-06-11 14:23:50 INFO  LoggerHandler - Clicked on Go to Bag
2025-06-11 14:26:53 INFO  LoggerHandler - Clicked on Sales
2025-06-11 14:26:56 INFO  LoggerHandler - Clicked on Display Type
2025-06-11 14:26:57 INFO  LoggerHandler - Clicked on Amoled Check Box
2025-06-11 14:26:58 INFO  LoggerHandler - Clicked on Screen Size
2025-06-11 14:26:58 INFO  LoggerHandler - Checked Screen Size
2025-06-11 14:26:58 INFO  LoggerHandler - Clicked on Quick View
2025-06-11 14:27:08 ERROR LoggerHandler - Clicked on Add to Bag Failed
2025-06-11 14:27:14 INFO  LoggerHandler - Clicked on Go to Bag
2025-06-11 14:27:14 ERROR LoggerHandler - Savings and Discount did not match
2025-06-11 14:30:32 INFO  LoggerHandler - Clicked on Sales
2025-06-11 14:30:35 INFO  LoggerHandler - Clicked on Display Type
2025-06-11 14:30:36 INFO  LoggerHandler - Clicked on Amoled Check Box
2025-06-11 14:30:37 INFO  LoggerHandler - Clicked on Screen Size
2025-06-11 14:30:47 INFO  LoggerHandler - Checked Screen Size
2025-06-11 14:30:47 INFO  LoggerHandler - Clicked on Quick View
2025-06-11 14:30:47 ERROR LoggerHandler - Clicked on Add to Bag Failed
2025-06-11 14:30:47 INFO  LoggerHandler - Clicked on Go to Bag
2025-06-11 14:30:47 ERROR LoggerHandler - Savings and Discount did not match
2025-06-11 14:32:15 INFO  LoggerHandler - Clicked on Sales
2025-06-11 14:32:18 INFO  LoggerHandler - Clicked on Display Type
2025-06-11 14:32:18 INFO  LoggerHandler - Clicked on Amoled Check Box
2025-06-11 14:32:19 INFO  LoggerHandler - Clicked on Screen Size
2025-06-11 14:32:29 INFO  LoggerHandler - Checked Screen Size
2025-06-11 14:32:39 INFO  LoggerHandler - Clicked on Quick View
2025-06-11 14:32:49 ERROR LoggerHandler - Clicked on Add to Bag Failed
2025-06-11 14:32:59 INFO  LoggerHandler - Clicked on Go to Bag
2025-06-11 14:33:09 ERROR LoggerHandler - Savings and Discount did not match
2025-06-11 14:33:55 INFO  LoggerHandler - Clicked on Sales
2025-06-11 14:33:58 INFO  LoggerHandler - Clicked on Display Type
2025-06-11 14:33:59 INFO  LoggerHandler - Clicked on Amoled Check Box
2025-06-11 14:33:59 INFO  LoggerHandler - Clicked on Screen Size
2025-06-11 14:34:10 ERROR LoggerHandler - Checked Screen Size Failed
2025-06-11 14:34:20 INFO  LoggerHandler - Clicked on Quick View
2025-06-11 14:34:30 ERROR LoggerHandler - Clicked on Add to Bag Failed
2025-06-11 14:34:40 INFO  LoggerHandler - Clicked on Go to Bag
2025-06-11 14:34:43 ERROR LoggerHandler - Savings and Discount did not match
2025-06-11 14:37:11 INFO  LoggerHandler - Clicked on Sales
2025-06-11 14:37:14 INFO  LoggerHandler - Clicked on Screen Size
2025-06-11 14:37:15 INFO  LoggerHandler - Checked Screen Size
2025-06-11 14:37:15 INFO  LoggerHandler - Clicked on Display Type
2025-06-11 14:37:21 ERROR LoggerHandler - Clicked on Amoled Check Box Failed
2025-06-11 14:37:23 INFO  LoggerHandler - Clicked on Quick View
2025-06-11 14:37:26 INFO  LoggerHandler - Clicked on Add to Bag
2025-06-11 14:37:29 INFO  LoggerHandler - Clicked on Go to Bag
2025-06-11 14:38:02 INFO  LoggerHandler - Clicked on Sales
2025-06-11 14:38:06 INFO  LoggerHandler - Clicked on Screen Size
2025-06-11 14:38:06 INFO  LoggerHandler - Checked Screen Size
2025-06-11 14:38:07 INFO  LoggerHandler - Clicked on Display Type
2025-06-11 14:38:12 ERROR LoggerHandler - Clicked on Amoled Check Box Failed
2025-06-11 14:38:22 INFO  LoggerHandler - Clicked on Quick View
2025-06-11 14:38:32 ERROR LoggerHandler - Clicked on Add to Bag Failed
2025-06-11 14:38:41 INFO  LoggerHandler - Clicked on Go to Bag
2025-06-11 14:38:41 ERROR LoggerHandler - Savings and Discount did not match
2025-06-11 14:40:14 INFO  LoggerHandler - Clicked on Sales
2025-06-11 14:40:17 INFO  LoggerHandler - Clicked on Display Type
2025-06-11 14:40:17 INFO  LoggerHandler - Clicked on Amoled Check Box
2025-06-11 14:40:18 INFO  LoggerHandler - Clicked on Screen Size
2025-06-11 14:40:28 ERROR LoggerHandler - Checked Screen Size Failed
2025-06-11 14:40:38 INFO  LoggerHandler - Clicked on Quick View
2025-06-11 19:45:27 INFO  LoggerHandler - Clicked on Sales
2025-06-11 19:45:30 INFO  LoggerHandler - Clicked on Display Type
2025-06-11 19:45:31 INFO  LoggerHandler - Clicked on Amoled Check Box
2025-06-11 19:45:31 INFO  LoggerHandler - Clicked on Screen Size
2025-06-11 19:45:42 ERROR LoggerHandler - Checked Screen Size Failed
2025-06-11 19:45:46 INFO  LoggerHandler - Clicked on Quick View
2025-06-11 19:45:46 INFO  LoggerHandler - Clicked on Add to Bag
2025-06-11 19:45:50 INFO  LoggerHandler - Clicked on Go to Bag
2025-06-11 19:46:00 ERROR LoggerHandler - Savings and Discount did not match
2025-06-11 21:12:16 INFO  LoggerHandler - Clicked on Sales
2025-06-11 21:12:20 INFO  LoggerHandler - Clicked on Display Type
2025-06-11 21:12:20 INFO  LoggerHandler - Clicked on Amoled Check Box
2025-06-11 21:12:25 INFO  LoggerHandler - Clicked on Quick View
2025-06-11 21:12:27 INFO  LoggerHandler - Clicked on Add to Bag
2025-06-11 21:12:37 INFO  LoggerHandler - Clicked on Go to Bag
2025-06-11 21:12:48 ERROR LoggerHandler - Savings and Discount did not match
2025-06-11 21:20:50 INFO  LoggerHandler - Clicked on Sales
2025-06-11 21:20:57 INFO  LoggerHandler - Clicked on Display Type
2025-06-11 21:20:57 INFO  LoggerHandler - Clicked on Amoled Check Box
2025-06-11 21:21:03 INFO  LoggerHandler - Clicked on Quick View
2025-06-11 21:21:16 ERROR LoggerHandler - Clicked on Add to Bag Failed
2025-06-11 21:21:16 INFO  LoggerHandler - Clicked on Go to Bag
2025-06-11 21:21:16 ERROR LoggerHandler - Savings and Discount did not match
2025-06-11 21:22:15 INFO  LoggerHandler - Clicked on Sales
2025-06-11 21:22:18 INFO  LoggerHandler - Clicked on Display Type
2025-06-11 21:22:18 INFO  LoggerHandler - Clicked on Amoled Check Box
2025-06-11 21:22:23 INFO  LoggerHandler - Clicked on Quick View
2025-06-11 21:22:33 ERROR LoggerHandler - Clicked on Add to Bag Failed
2025-06-11 21:22:38 INFO  LoggerHandler - Clicked on Go to Bag
2025-06-11 21:22:38 ERROR LoggerHandler - Savings and Discount did not match
2025-06-11 21:23:11 INFO  LoggerHandler - Clicked on Sales
2025-06-11 21:23:20 INFO  LoggerHandler - Clicked on Display Type
2025-06-11 21:23:21 INFO  LoggerHandler - Clicked on Amoled Check Box
2025-06-11 21:23:29 INFO  LoggerHandler - Clicked on Quick View
2025-06-11 21:23:39 ERROR LoggerHandler - Clicked on Add to Bag Failed
2025-06-11 21:23:44 INFO  LoggerHandler - Clicked on Go to Bag
2025-06-11 21:23:44 ERROR LoggerHandler - Savings and Discount did not match
2025-06-11 21:31:05 INFO  LoggerHandler - Clicked on Sales
2025-06-11 21:31:27 INFO  LoggerHandler - Clicked on Display Type
2025-06-11 21:31:28 INFO  LoggerHandler - Clicked on Amoled Check Box
2025-06-11 21:31:39 INFO  LoggerHandler - Clicked on Quick View
2025-06-11 21:31:49 ERROR LoggerHandler - Hover failed
2025-06-11 21:31:59 ERROR LoggerHandler - Clicked on Add to Bag Failed
2025-06-11 21:41:37 INFO  LoggerHandler - Clicked on Sales
2025-06-11 21:41:47 ERROR LoggerHandler - Clicked on Display Type Failed
2025-06-11 21:41:57 ERROR LoggerHandler - Clicked on Amoled Check Box Failed
2025-06-11 21:42:07 INFO  LoggerHandler - Clicked on Quick View
2025-06-11 21:48:05 INFO  LoggerHandler - Clicked on Sales
2025-06-11 21:48:12 INFO  LoggerHandler - Clicked on Display Type
2025-06-11 21:48:13 INFO  LoggerHandler - Clicked on Amoled Check Box
2025-06-11 21:48:18 INFO  LoggerHandler - Clicked on Quick View
2025-06-11 21:48:18 INFO  LoggerHandler - Hovered on Element
2025-06-11 21:48:19 INFO  LoggerHandler - Clicked on Add to Bag
2025-06-11 21:48:23 INFO  LoggerHandler - Clicked on Go to Bag
2025-06-11 21:55:14 INFO  LoggerHandler - Clicked on Sales
2025-06-11 21:55:36 INFO  LoggerHandler - Clicked on Display Type
2025-06-11 21:55:37 INFO  LoggerHandler - Clicked on Amoled Check Box
2025-06-11 21:55:42 INFO  LoggerHandler - Clicked on Quick View
2025-06-11 21:55:43 INFO  LoggerHandler - Hovered on Element
2025-06-11 21:55:44 INFO  LoggerHandler - Clicked on Add to Bag
2025-06-11 21:55:50 INFO  LoggerHandler - Clicked on Go to Bag
2025-06-12 12:29:26 INFO  LoggerHandler - Clicked on Sales
2025-06-12 12:29:30 INFO  LoggerHandler - Clicked on Display Type
2025-06-12 12:29:31 INFO  LoggerHandler - Clicked on Amoled Check Box
2025-06-12 12:29:38 INFO  LoggerHandler - Clicked on Quick View
2025-06-12 12:29:38 INFO  LoggerHandler - Hovered on Element
2025-06-12 12:29:39 INFO  LoggerHandler - Clicked on Add to Bag
2025-06-12 12:29:44 INFO  LoggerHandler - Clicked on Go to Bag
2025-06-12 12:34:35 INFO  LoggerHandler - Clicked on Sales
2025-06-12 12:34:39 INFO  LoggerHandler - Clicked on Display Type
2025-06-12 12:34:39 INFO  LoggerHandler - Clicked on Amoled Check Box
2025-06-12 12:34:44 INFO  LoggerHandler - Clicked on Quick View
2025-06-12 12:34:44 INFO  LoggerHandler - Hovered on Element
2025-06-12 12:34:45 INFO  LoggerHandler - Clicked on Add to Bag
2025-06-12 12:34:49 INFO  LoggerHandler - Clicked on Go to Bag
2025-06-12 12:37:53 INFO  LoggerHandler - Clicked on Sales
2025-06-12 12:37:56 INFO  LoggerHandler - Clicked on Display Type
2025-06-12 12:37:56 INFO  LoggerHandler - Clicked on Amoled Check Box
2025-06-12 12:38:01 INFO  LoggerHandler - Clicked on Quick View
2025-06-12 12:38:02 INFO  LoggerHandler - Hovered on Element
2025-06-12 12:38:02 INFO  LoggerHandler - Clicked on Add to Bag
2025-06-12 12:38:06 INFO  LoggerHandler - Clicked on Go to Bag
2025-06-12 12:39:42 INFO  LoggerHandler - Clicked on Sales
2025-06-12 12:39:46 INFO  LoggerHandler - Clicked on Display Type
2025-06-12 12:39:47 INFO  LoggerHandler - Clicked on Amoled Check Box
2025-06-12 12:39:52 INFO  LoggerHandler - Clicked on Quick View
2025-06-12 12:39:53 INFO  LoggerHandler - Hovered on Element
2025-06-12 12:39:53 INFO  LoggerHandler - Clicked on Add to Bag
2025-06-12 12:39:59 INFO  LoggerHandler - Clicked on Go to Bag
2025-06-12 12:39:59 INFO  LoggerHandler - Savings Matches Discount
2025-06-12 12:42:43 INFO  LoggerHandler - Clicked on Sales
2025-06-12 12:42:46 INFO  LoggerHandler - Clicked on Display Type
2025-06-12 12:42:47 INFO  LoggerHandler - Clicked on Amoled Check Box
2025-06-12 12:42:52 INFO  LoggerHandler - Clicked on Quick View
2025-06-12 12:42:52 INFO  LoggerHandler - Hovered on Element
2025-06-12 12:42:53 INFO  LoggerHandler - Clicked on Add to Bag
2025-06-12 12:42:57 INFO  LoggerHandler - Clicked on Go to Bag
2025-06-12 12:46:17 INFO  LoggerHandler - Clicked on Sales
2025-06-12 12:46:20 INFO  LoggerHandler - Clicked on Display Type
2025-06-12 12:46:21 INFO  LoggerHandler - Clicked on Amoled Check Box
2025-06-12 12:46:31 INFO  LoggerHandler - Clicked on Quick View
2025-06-12 12:46:31 INFO  LoggerHandler - Hovered on Element
2025-06-12 12:46:32 INFO  LoggerHandler - Clicked on Add to Bag
2025-06-12 12:46:37 INFO  LoggerHandler - Clicked on Go to Bag
2025-06-12 12:47:18 INFO  LoggerHandler - Clicked on Sales
2025-06-12 12:47:21 INFO  LoggerHandler - Clicked on Display Type
2025-06-12 12:47:22 INFO  LoggerHandler - Clicked on Amoled Check Box
2025-06-12 12:47:27 INFO  LoggerHandler - Clicked on Quick View
2025-06-12 12:47:27 INFO  LoggerHandler - Hovered on Element
2025-06-12 12:47:28 INFO  LoggerHandler - Clicked on Add to Bag
2025-06-12 12:47:34 INFO  LoggerHandler - Clicked on Go to Bag
2025-06-12 12:48:13 INFO  LoggerHandler - Clicked on Sales
2025-06-12 12:48:16 INFO  LoggerHandler - Clicked on Display Type
2025-06-12 12:48:17 INFO  LoggerHandler - Clicked on Amoled Check Box
2025-06-12 12:48:21 INFO  LoggerHandler - Clicked on Quick View
2025-06-12 12:48:22 INFO  LoggerHandler - Hovered on Element
2025-06-12 12:48:22 INFO  LoggerHandler - Clicked on Add to Bag
2025-06-12 12:48:33 INFO  LoggerHandler - Clicked on Go to Bag
2025-06-12 12:48:52 INFO  LoggerHandler - Clicked on Sales
2025-06-12 12:48:56 INFO  LoggerHandler - Clicked on Display Type
2025-06-12 12:48:56 INFO  LoggerHandler - Clicked on Amoled Check Box
2025-06-12 12:49:01 INFO  LoggerHandler - Clicked on Quick View
2025-06-12 12:49:02 INFO  LoggerHandler - Hovered on Element
2025-06-12 12:49:03 INFO  LoggerHandler - Clicked on Add to Bag
2025-06-12 12:49:07 INFO  LoggerHandler - Clicked on Go to Bag
2025-06-12 12:50:38 INFO  LoggerHandler - Clicked on Sales
2025-06-12 12:50:41 INFO  LoggerHandler - Clicked on Display Type
2025-06-12 12:50:42 INFO  LoggerHandler - Clicked on Amoled Check Box
2025-06-12 12:50:47 INFO  LoggerHandler - Clicked on Quick View
2025-06-12 12:50:48 INFO  LoggerHandler - Hovered on Element
2025-06-12 12:50:49 INFO  LoggerHandler - Clicked on Add to Bag
2025-06-12 12:50:54 INFO  LoggerHandler - Clicked on Go to Bag
2025-06-12 12:50:54 INFO  LoggerHandler - Savings Matches Discount
2025-06-12 12:51:46 INFO  LoggerHandler - Clicked on Sales
2025-06-12 12:51:49 INFO  LoggerHandler - Clicked on Display Type
2025-06-12 12:51:49 INFO  LoggerHandler - Clicked on Amoled Check Box
2025-06-12 12:51:54 INFO  LoggerHandler - Clicked on Quick View
2025-06-12 12:51:55 INFO  LoggerHandler - Hovered on Element
2025-06-12 12:51:55 INFO  LoggerHandler - Clicked on Add to Bag
2025-06-12 12:52:00 INFO  LoggerHandler - Clicked on Go to Bag
2025-06-12 12:52:00 INFO  LoggerHandler - Savings Matches Discount
2025-06-12 12:52:08 INFO  LoggerHandler - Hovered on watches
2025-06-12 12:52:09 INFO  LoggerHandler - Clicked on Boys Watches
2025-06-12 12:52:12 INFO  LoggerHandler - Scrolled by 500 pixels
2025-06-12 12:52:13 INFO  LoggerHandler - Clicked on price
2025-06-12 12:52:14 INFO  LoggerHandler - Clicked on minimum price
2025-06-12 12:52:14 INFO  LoggerHandler - Entered Minimum price
2025-06-12 12:52:15 INFO  LoggerHandler - Clicked on Maximum price
2025-06-12 12:52:15 INFO  LoggerHandler - Entered Maximum price
2025-06-12 12:52:15 INFO  LoggerHandler - Clicked on enter
2025-06-12 12:52:26 INFO  LoggerHandler - Clicked on search icon
2025-06-12 12:52:33 INFO  LoggerHandler - Entered Party
2025-06-12 12:52:33 INFO  LoggerHandler - Verified title
2025-06-12 12:53:07 INFO  LoggerHandler - Clicked on Sales
2025-06-12 12:53:11 INFO  LoggerHandler - Clicked on Display Type
2025-06-12 12:53:11 INFO  LoggerHandler - Clicked on Amoled Check Box
2025-06-12 12:53:16 INFO  LoggerHandler - Clicked on Quick View
2025-06-12 12:53:17 INFO  LoggerHandler - Hovered on Element
2025-06-12 12:53:17 INFO  LoggerHandler - Clicked on Add to Bag
2025-06-12 12:53:22 INFO  LoggerHandler - Clicked on Go to Bag
2025-06-12 12:53:22 INFO  LoggerHandler - Savings Matches Discount
2025-06-12 12:53:31 INFO  LoggerHandler - Hovered on watches
2025-06-12 12:53:32 INFO  LoggerHandler - Clicked on Boys Watches
2025-06-12 12:53:35 INFO  LoggerHandler - Scrolled by 500 pixels
2025-06-12 12:53:36 INFO  LoggerHandler - Clicked on price
2025-06-12 12:53:37 INFO  LoggerHandler - Clicked on minimum price
2025-06-12 12:53:37 INFO  LoggerHandler - Entered Minimum price
2025-06-12 12:53:38 INFO  LoggerHandler - Clicked on Maximum price
2025-06-12 12:53:39 INFO  LoggerHandler - Entered Maximum price
2025-06-12 12:53:39 INFO  LoggerHandler - Clicked on enter
2025-06-12 12:53:46 INFO  LoggerHandler - Clicked on Buy now
2025-06-12 12:53:54 INFO  LoggerHandler - Clicked on search icon
2025-06-12 12:53:58 INFO  LoggerHandler - Entered Party
2025-06-12 12:53:58 INFO  LoggerHandler - Verified title
